

Started GET "/" for 127.0.0.1 at 2015-11-25 09:10:55 -0700
Processing by Rails::WelcomeController#index as HTML
  Rendered /home/nick/.rbenv/versions/2.2.3/lib/ruby/gems/2.2.0/gems/railties-4.2.2/lib/rails/templates/rails/welcome/index.html.erb (11.3ms)
Completed 200 OK in 86ms (Views: 65.0ms | ActiveRecord: 0.0ms)


Started GET "/DataVis" for 127.0.0.1 at 2015-11-25 09:18:36 -0700

ActionController::RoutingError (No route matches [GET] "/DataVis"):
  web-console (2.0.0.beta3) lib/action_dispatch/debug_exceptions.rb:22:in `middleware_call'
  web-console (2.0.0.beta3) lib/action_dispatch/debug_exceptions.rb:13:in `call'
  actionpack (4.2.2) lib/action_dispatch/middleware/show_exceptions.rb:30:in `call'
  railties (4.2.2) lib/rails/rack/logger.rb:38:in `call_app'
  railties (4.2.2) lib/rails/rack/logger.rb:20:in `block in call'
  activesupport (4.2.2) lib/active_support/tagged_logging.rb:68:in `block in tagged'
  activesupport (4.2.2) lib/active_support/tagged_logging.rb:26:in `tagged'
  activesupport (4.2.2) lib/active_support/tagged_logging.rb:68:in `tagged'
  railties (4.2.2) lib/rails/rack/logger.rb:20:in `call'
  actionpack (4.2.2) lib/action_dispatch/middleware/request_id.rb:21:in `call'
  rack (1.6.4) lib/rack/methodoverride.rb:22:in `call'
  rack (1.6.4) lib/rack/runtime.rb:18:in `call'
  activesupport (4.2.2) lib/active_support/cache/strategy/local_cache_middleware.rb:28:in `call'
  rack (1.6.4) lib/rack/lock.rb:17:in `call'
  actionpack (4.2.2) lib/action_dispatch/middleware/static.rb:113:in `call'
  rack (1.6.4) lib/rack/sendfile.rb:113:in `call'
  railties (4.2.2) lib/rails/engine.rb:518:in `call'
  railties (4.2.2) lib/rails/application.rb:164:in `call'
  rack (1.6.4) lib/rack/lock.rb:17:in `call'
  rack (1.6.4) lib/rack/content_length.rb:15:in `call'
  rack (1.6.4) lib/rack/handler/webrick.rb:88:in `service'
  /home/nick/.rbenv/versions/2.2.3/lib/ruby/2.2.0/webrick/httpserver.rb:138:in `service'
  /home/nick/.rbenv/versions/2.2.3/lib/ruby/2.2.0/webrick/httpserver.rb:94:in `run'
  /home/nick/.rbenv/versions/2.2.3/lib/ruby/2.2.0/webrick/server.rb:294:in `block in start_thread'


  Rendered /home/nick/.rbenv/versions/2.2.3/lib/ruby/gems/2.2.0/gems/web-console-2.0.0.beta3/lib/action_dispatch/templates/rescues/_trace.html.erb (2.0ms)
  Rendered /home/nick/.rbenv/versions/2.2.3/lib/ruby/gems/2.2.0/gems/web-console-2.0.0.beta3/lib/action_dispatch/templates/rescues/routing_error.html.erb within rescues/layout (55.3ms)


Started GET "/DataVis" for 127.0.0.1 at 2015-11-25 09:19:38 -0700

ArgumentError ('DataVis' is not a supported controller name. This can lead to potential routing problems. See http://guides.rubyonrails.org/routing.html#specifying-a-controller-to-use):
  config/routes.rb:8:in `block in <top (required)>'
  config/routes.rb:1:in `<top (required)>'


  Rendered /home/nick/.rbenv/versions/2.2.3/lib/ruby/gems/2.2.0/gems/web-console-2.0.0.beta3/lib/action_dispatch/templates/rescues/_source.erb (11.4ms)
  Rendered /home/nick/.rbenv/versions/2.2.3/lib/ruby/gems/2.2.0/gems/web-console-2.0.0.beta3/lib/action_dispatch/templates/rescues/_trace.html.erb (3.4ms)
  Rendered /home/nick/.rbenv/versions/2.2.3/lib/ruby/gems/2.2.0/gems/web-console-2.0.0.beta3/lib/action_dispatch/templates/rescues/_request_and_response.html.erb (2.4ms)
  Rendered /home/nick/.rbenv/versions/2.2.3/lib/ruby/gems/2.2.0/gems/web-console-2.0.0.beta3/lib/action_dispatch/templates/rescues/_web_console.html.erb (1.6ms)
  Rendered /home/nick/.rbenv/versions/2.2.3/lib/ruby/gems/2.2.0/gems/web-console-2.0.0.beta3/lib/action_dispatch/templates/rescues/diagnostics.html.erb within rescues/layout (63.4ms)


Started GET "/" for 127.0.0.1 at 2015-11-25 09:19:44 -0700

ActionController::RoutingError (No route matches [GET] "/"):
  web-console (2.0.0.beta3) lib/action_dispatch/debug_exceptions.rb:22:in `middleware_call'
  web-console (2.0.0.beta3) lib/action_dispatch/debug_exceptions.rb:13:in `call'
  actionpack (4.2.2) lib/action_dispatch/middleware/show_exceptions.rb:30:in `call'
  railties (4.2.2) lib/rails/rack/logger.rb:38:in `call_app'
  railties (4.2.2) lib/rails/rack/logger.rb:20:in `block in call'
  activesupport (4.2.2) lib/active_support/tagged_logging.rb:68:in `block in tagged'
  activesupport (4.2.2) lib/active_support/tagged_logging.rb:26:in `tagged'
  activesupport (4.2.2) lib/active_support/tagged_logging.rb:68:in `tagged'
  railties (4.2.2) lib/rails/rack/logger.rb:20:in `call'
  actionpack (4.2.2) lib/action_dispatch/middleware/request_id.rb:21:in `call'
  rack (1.6.4) lib/rack/methodoverride.rb:22:in `call'
  rack (1.6.4) lib/rack/runtime.rb:18:in `call'
  activesupport (4.2.2) lib/active_support/cache/strategy/local_cache_middleware.rb:28:in `call'
  rack (1.6.4) lib/rack/lock.rb:17:in `call'
  actionpack (4.2.2) lib/action_dispatch/middleware/static.rb:113:in `call'
  rack (1.6.4) lib/rack/sendfile.rb:113:in `call'
  railties (4.2.2) lib/rails/engine.rb:518:in `call'
  railties (4.2.2) lib/rails/application.rb:164:in `call'
  rack (1.6.4) lib/rack/lock.rb:17:in `call'
  rack (1.6.4) lib/rack/content_length.rb:15:in `call'
  rack (1.6.4) lib/rack/handler/webrick.rb:88:in `service'
  /home/nick/.rbenv/versions/2.2.3/lib/ruby/2.2.0/webrick/httpserver.rb:138:in `service'
  /home/nick/.rbenv/versions/2.2.3/lib/ruby/2.2.0/webrick/httpserver.rb:94:in `run'
  /home/nick/.rbenv/versions/2.2.3/lib/ruby/2.2.0/webrick/server.rb:294:in `block in start_thread'


  Rendered /home/nick/.rbenv/versions/2.2.3/lib/ruby/gems/2.2.0/gems/web-console-2.0.0.beta3/lib/action_dispatch/templates/rescues/_trace.html.erb (2.1ms)
  Rendered /home/nick/.rbenv/versions/2.2.3/lib/ruby/gems/2.2.0/gems/web-console-2.0.0.beta3/lib/action_dispatch/templates/rescues/routing_error.html.erb within rescues/layout (24.1ms)


Started GET "/" for 127.0.0.1 at 2015-11-25 09:19:45 -0700

ActionController::RoutingError (No route matches [GET] "/"):
  web-console (2.0.0.beta3) lib/action_dispatch/debug_exceptions.rb:22:in `middleware_call'
  web-console (2.0.0.beta3) lib/action_dispatch/debug_exceptions.rb:13:in `call'
  actionpack (4.2.2) lib/action_dispatch/middleware/show_exceptions.rb:30:in `call'
  railties (4.2.2) lib/rails/rack/logger.rb:38:in `call_app'
  railties (4.2.2) lib/rails/rack/logger.rb:20:in `block in call'
  activesupport (4.2.2) lib/active_support/tagged_logging.rb:68:in `block in tagged'
  activesupport (4.2.2) lib/active_support/tagged_logging.rb:26:in `tagged'
  activesupport (4.2.2) lib/active_support/tagged_logging.rb:68:in `tagged'
  railties (4.2.2) lib/rails/rack/logger.rb:20:in `call'
  actionpack (4.2.2) lib/action_dispatch/middleware/request_id.rb:21:in `call'
  rack (1.6.4) lib/rack/methodoverride.rb:22:in `call'
  rack (1.6.4) lib/rack/runtime.rb:18:in `call'
  activesupport (4.2.2) lib/active_support/cache/strategy/local_cache_middleware.rb:28:in `call'
  rack (1.6.4) lib/rack/lock.rb:17:in `call'
  actionpack (4.2.2) lib/action_dispatch/middleware/static.rb:113:in `call'
  rack (1.6.4) lib/rack/sendfile.rb:113:in `call'
  railties (4.2.2) lib/rails/engine.rb:518:in `call'
  railties (4.2.2) lib/rails/application.rb:164:in `call'
  rack (1.6.4) lib/rack/lock.rb:17:in `call'
  rack (1.6.4) lib/rack/content_length.rb:15:in `call'
  rack (1.6.4) lib/rack/handler/webrick.rb:88:in `service'
  /home/nick/.rbenv/versions/2.2.3/lib/ruby/2.2.0/webrick/httpserver.rb:138:in `service'
  /home/nick/.rbenv/versions/2.2.3/lib/ruby/2.2.0/webrick/httpserver.rb:94:in `run'
  /home/nick/.rbenv/versions/2.2.3/lib/ruby/2.2.0/webrick/server.rb:294:in `block in start_thread'


  Rendered /home/nick/.rbenv/versions/2.2.3/lib/ruby/gems/2.2.0/gems/web-console-2.0.0.beta3/lib/action_dispatch/templates/rescues/_trace.html.erb (2.2ms)
  Rendered /home/nick/.rbenv/versions/2.2.3/lib/ruby/gems/2.2.0/gems/web-console-2.0.0.beta3/lib/action_dispatch/templates/rescues/routing_error.html.erb within rescues/layout (23.9ms)


Started GET "/" for 127.0.0.1 at 2015-11-25 09:19:56 -0700
DEPRECATION WARNING: Defining a route where `to` is a controller without an action is deprecated. Please change `to: :data_vis/home` to `controller: :data_vis/home`. (called from block in <top (required)> at /home/nick/Documents/MakerSpace/WeatherStation/CacheMakersWeather/config/routes.rb:8)

ArgumentError (Missing :action key on routes definition, please check your routes.):
  config/routes.rb:8:in `block in <top (required)>'
  config/routes.rb:1:in `<top (required)>'


  Rendered /home/nick/.rbenv/versions/2.2.3/lib/ruby/gems/2.2.0/gems/web-console-2.0.0.beta3/lib/action_dispatch/templates/rescues/_source.erb (6.8ms)
  Rendered /home/nick/.rbenv/versions/2.2.3/lib/ruby/gems/2.2.0/gems/web-console-2.0.0.beta3/lib/action_dispatch/templates/rescues/_trace.html.erb (3.4ms)
  Rendered /home/nick/.rbenv/versions/2.2.3/lib/ruby/gems/2.2.0/gems/web-console-2.0.0.beta3/lib/action_dispatch/templates/rescues/_request_and_response.html.erb (1.3ms)
  Rendered /home/nick/.rbenv/versions/2.2.3/lib/ruby/gems/2.2.0/gems/web-console-2.0.0.beta3/lib/action_dispatch/templates/rescues/_web_console.html.erb (1.2ms)
  Rendered /home/nick/.rbenv/versions/2.2.3/lib/ruby/gems/2.2.0/gems/web-console-2.0.0.beta3/lib/action_dispatch/templates/rescues/diagnostics.html.erb within rescues/layout (42.2ms)


Started GET "/data_vis" for 127.0.0.1 at 2015-11-25 09:20:29 -0700

ActionController::RoutingError (No route matches [GET] "/data_vis"):
  web-console (2.0.0.beta3) lib/action_dispatch/debug_exceptions.rb:22:in `middleware_call'
  web-console (2.0.0.beta3) lib/action_dispatch/debug_exceptions.rb:13:in `call'
  actionpack (4.2.2) lib/action_dispatch/middleware/show_exceptions.rb:30:in `call'
  railties (4.2.2) lib/rails/rack/logger.rb:38:in `call_app'
  railties (4.2.2) lib/rails/rack/logger.rb:20:in `block in call'
  activesupport (4.2.2) lib/active_support/tagged_logging.rb:68:in `block in tagged'
  activesupport (4.2.2) lib/active_support/tagged_logging.rb:26:in `tagged'
  activesupport (4.2.2) lib/active_support/tagged_logging.rb:68:in `tagged'
  railties (4.2.2) lib/rails/rack/logger.rb:20:in `call'
  actionpack (4.2.2) lib/action_dispatch/middleware/request_id.rb:21:in `call'
  rack (1.6.4) lib/rack/methodoverride.rb:22:in `call'
  rack (1.6.4) lib/rack/runtime.rb:18:in `call'
  activesupport (4.2.2) lib/active_support/cache/strategy/local_cache_middleware.rb:28:in `call'
  rack (1.6.4) lib/rack/lock.rb:17:in `call'
  actionpack (4.2.2) lib/action_dispatch/middleware/static.rb:113:in `call'
  rack (1.6.4) lib/rack/sendfile.rb:113:in `call'
  railties (4.2.2) lib/rails/engine.rb:518:in `call'
  railties (4.2.2) lib/rails/application.rb:164:in `call'
  rack (1.6.4) lib/rack/lock.rb:17:in `call'
  rack (1.6.4) lib/rack/content_length.rb:15:in `call'
  rack (1.6.4) lib/rack/handler/webrick.rb:88:in `service'
  /home/nick/.rbenv/versions/2.2.3/lib/ruby/2.2.0/webrick/httpserver.rb:138:in `service'
  /home/nick/.rbenv/versions/2.2.3/lib/ruby/2.2.0/webrick/httpserver.rb:94:in `run'
  /home/nick/.rbenv/versions/2.2.3/lib/ruby/2.2.0/webrick/server.rb:294:in `block in start_thread'


  Rendered /home/nick/.rbenv/versions/2.2.3/lib/ruby/gems/2.2.0/gems/web-console-2.0.0.beta3/lib/action_dispatch/templates/rescues/_trace.html.erb (2.7ms)
  Rendered /home/nick/.rbenv/versions/2.2.3/lib/ruby/gems/2.2.0/gems/web-console-2.0.0.beta3/lib/action_dispatch/templates/rescues/routing_error.html.erb within rescues/layout (25.2ms)


Started GET "/data_vis/home" for 127.0.0.1 at 2015-11-25 09:20:31 -0700
Processing by DataVisController#home as HTML
  Rendered data_vis/home.html.erb within layouts/application (0.6ms)
Completed 200 OK in 2868ms (Views: 2850.8ms | ActiveRecord: 0.0ms)


Started GET "/assets/data_vis.self-e3b0c44298fc1c149afbf4c8996fb92427ae41e4649b934ca495991b7852b855.css?body=1" for 127.0.0.1 at 2015-11-25 09:20:34 -0700


Started GET "/assets/application.self-3b8dabdc891efe46b9a144b400ad69e37d7e5876bdc39dee783419a69d7ca819.js?body=1" for 127.0.0.1 at 2015-11-25 09:20:34 -0700


Started GET "/assets/jquery.self-d03a5518f45df77341bdbe6201ba3bfa547ebba8ed64f0ea56bfa5f96ea7c074.js?body=1" for 127.0.0.1 at 2015-11-25 09:20:34 -0700


Started GET "/assets/turbolinks.self-c846e670826600e8c91b1a5ada3e6547110d996cd6ff24cde55024f7a135a1b4.js?body=1" for 127.0.0.1 at 2015-11-25 09:20:34 -0700


Started GET "/assets/application.self-e80e8f2318043e8af94dddc2adad5a4f09739a8ebb323b3ab31cd71d45fd9113.css?body=1" for 127.0.0.1 at 2015-11-25 09:20:34 -0700


Started GET "/assets/data_vis.self-877aef30ae1b040ab8a3aba4e3e309a11d7f2612f44dde450b5c157aa5f95c05.js?body=1" for 127.0.0.1 at 2015-11-25 09:20:34 -0700


Started GET "/assets/jquery_ujs.self-8e98a7a072a6cee1372d19fff9ff3e6aa1e39a37d89d6f06861637d061113ee7.js?body=1" for 127.0.0.1 at 2015-11-25 09:20:34 -0700


Started GET "/" for 127.0.0.1 at 2015-11-25 09:20:51 -0700
Processing by DataVisController#home as HTML
  Rendered data_vis/home.html.erb within layouts/application (0.1ms)
Completed 200 OK in 62ms (Views: 60.9ms | ActiveRecord: 0.0ms)


Started GET "/" for 127.0.0.1 at 2015-11-25 09:20:54 -0700
Processing by DataVisController#home as HTML
  Rendered data_vis/home.html.erb within layouts/application (0.0ms)
Completed 200 OK in 54ms (Views: 53.3ms | ActiveRecord: 0.0ms)
  [1m[36m (187.0ms)[0m  [1mCREATE TABLE "schema_migrations" ("version" varchar NOT NULL) [0m
  [1m[35m (0.3ms)[0m  select sqlite_version(*)
  [1m[36m (156.1ms)[0m  [1mCREATE UNIQUE INDEX "unique_schema_migrations" ON "schema_migrations" ("version")[0m
  [1m[35mActiveRecord::SchemaMigration Load (0.3ms)[0m  SELECT "schema_migrations".* FROM "schema_migrations"
Migrating to CreateDataPoints (20151125164231)
  [1m[36m (0.1ms)[0m  [1mbegin transaction[0m
  [1m[35m (0.2ms)[0m  rollback transaction
  [1m[36m (1.0ms)[0m  [1mbegin transaction[0m
  [1m[35m (0.2ms)[0m  rollback transaction
  [1m[36mActiveRecord::SchemaMigration Load (0.2ms)[0m  [1mSELECT "schema_migrations".* FROM "schema_migrations"[0m
Migrating to CreateDataPoints (20151125164231)
  [1m[35m (0.2ms)[0m  begin transaction
  [1m[36m (0.1ms)[0m  [1mrollback transaction[0m
  [1m[36mActiveRecord::SchemaMigration Load (0.2ms)[0m  [1mSELECT "schema_migrations".* FROM "schema_migrations"[0m
Migrating to CreateDataPoints (20151125164231)
  [1m[35m (0.1ms)[0m  begin transaction
  [1m[36m (0.1ms)[0m  [1mrollback transaction[0m
  [1m[36mActiveRecord::SchemaMigration Load (0.2ms)[0m  [1mSELECT "schema_migrations".* FROM "schema_migrations"[0m
  [1m[35mActiveRecord::SchemaMigration Load (0.1ms)[0m  SELECT "schema_migrations".* FROM "schema_migrations"
  [1m[36mActiveRecord::SchemaMigration Load (0.1ms)[0m  [1mSELECT "schema_migrations".* FROM "schema_migrations"[0m
Migrating to CreateDataPoints (20151125164906)
  [1m[35m (0.1ms)[0m  begin transaction
  [1m[36m (0.6ms)[0m  [1mCREATE TABLE "data_points" ("id" INTEGER PRIMARY KEY AUTOINCREMENT NOT NULL, "data" varchar, "created_at" datetime NOT NULL, "updated_at" datetime NOT NULL) [0m
  [1m[35mSQL (0.5ms)[0m  INSERT INTO "schema_migrations" ("version") VALUES (?)  [["version", "20151125164906"]]
  [1m[36m (160.3ms)[0m  [1mcommit transaction[0m
  [1m[35mActiveRecord::SchemaMigration Load (0.1ms)[0m  SELECT "schema_migrations".* FROM "schema_migrations"
  [1m[36mDataPoint Load (0.4ms)[0m  [1mSELECT  "data_points".* FROM "data_points" WHERE "data_points"."id" = ? LIMIT 1[0m  [["id", 1]]
  [1m[35mDataPoint Load (0.2ms)[0m  SELECT  "data_points".* FROM "data_points" WHERE "data_points"."id" = ? LIMIT 1  [["id", 0]]
  [1m[36mDataPoint Load (0.2ms)[0m  [1mSELECT  "data_points".* FROM "data_points" WHERE "data_points"."id" = ? LIMIT 1[0m  [["id", 1]]
  [1m[35mDataPoint Load (0.4ms)[0m  SELECT  "data_points".* FROM "data_points"  ORDER BY "data_points"."id" ASC LIMIT 1
  [1m[36mDataPoint Load (0.4ms)[0m  [1mSELECT "data_points".* FROM "data_points"[0m


Started GET "/" for 127.0.0.1 at 2015-11-25 14:48:55 -0700
  [1m[36mActiveRecord::SchemaMigration Load (0.3ms)[0m  [1mSELECT "schema_migrations".* FROM "schema_migrations"[0m
Processing by DataVisController#home as HTML
  Rendered data_vis/home.html.erb within layouts/application (17.2ms)
Completed 200 OK in 842ms (Views: 809.3ms | ActiveRecord: 0.0ms)


Started GET "/assets/get_data.self-e3b0c44298fc1c149afbf4c8996fb92427ae41e4649b934ca495991b7852b855.css?body=1" for 127.0.0.1 at 2015-11-25 14:48:57 -0700


Started GET "/assets/get_data.self-877aef30ae1b040ab8a3aba4e3e309a11d7f2612f44dde450b5c157aa5f95c05.js?body=1" for 127.0.0.1 at 2015-11-25 14:48:57 -0700
  [1m[36mDataPoint Load (0.4ms)[0m  [1mSELECT "data_points".* FROM "data_points"[0m
  [1m[35mDataPoint Load (0.4ms)[0m  SELECT  "data_points".* FROM "data_points"  ORDER BY "data_points"."id" ASC LIMIT 1
  [1m[36m (1.3ms)[0m  [1mbegin transaction[0m
  [1m[35m (0.3ms)[0m  SAVEPOINT active_record_1
  [1m[36mSQL (11.0ms)[0m  [1mINSERT INTO "data_points" ("data", "created_at", "updated_at") VALUES (?, ?, ?)[0m  [["data", "http://rtupdate.wunderground.com/weatherstation/updateweatherstation.php?ID=KCOBOULD115&PASSWORD=SparkFun&dateutc=2014-07-02+03%3A32%3A42&winddir=270&windspeedmph=7.0humidity=45.4&tempf=43.1&baromin=29.4161&realtime=1&rtfreq=10&action=updateraw\n"], ["created_at", "2015-11-25 21:52:05.841127"], ["updated_at", "2015-11-25 21:52:05.841127"]]
  [1m[35m (0.2ms)[0m  RELEASE SAVEPOINT active_record_1
  [1m[36mDataPoint Load (0.4ms)[0m  [1mSELECT  "data_points".* FROM "data_points"  ORDER BY "data_points"."id" ASC LIMIT 1[0m
  [1m[35mDataPoint Load (0.3ms)[0m  SELECT "data_points".* FROM "data_points"
  [1m[36mDataPoint Load (0.4ms)[0m  [1mSELECT  "data_points".* FROM "data_points"  ORDER BY "data_points"."id" ASC LIMIT 1[0m
  [1m[35mDataPoint Load (0.4ms)[0m  SELECT "data_points".* FROM "data_points"
  [1m[36m (0.2ms)[0m  [1mSAVEPOINT active_record_1[0m
  [1m[35mSQL (0.4ms)[0m  INSERT INTO "data_points" ("data", "created_at", "updated_at") VALUES (?, ?, ?)  [["data", "http://rtupdate.wunderground.com/weatherstation/updateweatherstation.php?ID=KCOBOULD115&PASSWORD=SparkFun&dateutc=2014-07-02+03%3A32%3A42&winddir=270&windspeedmph=7.0humidity=45.4&tempf=43.1&baromin=29.4161&realtime=1&rtfreq=10&action=updateraw\n"], ["created_at", "2015-11-25 21:54:26.814559"], ["updated_at", "2015-11-25 21:54:26.814559"]]
  [1m[36m (0.1ms)[0m  [1mRELEASE SAVEPOINT active_record_1[0m
  [1m[35m (0.2ms)[0m  SAVEPOINT active_record_1
  [1m[36mSQL (0.3ms)[0m  [1mINSERT INTO "data_points" ("data", "created_at", "updated_at") VALUES (?, ?, ?)[0m  [["data", "http://rtupdate.wunderground.com/weatherstation/updateweatherstation.php?ID=KCOBOULD115&PASSWORD=SparkFun&dateutc=2014-07-02+03%3A32%3A42&winddir=270&windspeedmph=7.0humidity=45.4&tempf=43.1&baromin=29.4161&realtime=1&rtfreq=10&action=updateraw\n"], ["created_at", "2015-11-25 21:54:41.648507"], ["updated_at", "2015-11-25 21:54:41.648507"]]
  [1m[35m (0.1ms)[0m  RELEASE SAVEPOINT active_record_1
  [1m[36m (0.2ms)[0m  [1mSAVEPOINT active_record_1[0m
  [1m[35mSQL (0.3ms)[0m  INSERT INTO "data_points" ("data", "created_at", "updated_at") VALUES (?, ?, ?)  [["data", "http://rtupdate.wunderground.com/weatherstation/updateweatherstation.php?ID=KCOBOULD115&PASSWORD=SparkFun&dateutc=2014-07-02+03%3A32%3A42&winddir=270&windspeedmph=7.0humidity=45.4&tempf=43.1&baromin=29.4161&realtime=1&rtfreq=10&action=updateraw\n"], ["created_at", "2015-11-25 21:54:45.006089"], ["updated_at", "2015-11-25 21:54:45.006089"]]
  [1m[36m (0.4ms)[0m  [1mRELEASE SAVEPOINT active_record_1[0m
  [1m[35mDataPoint Load (0.4ms)[0m  SELECT "data_points".* FROM "data_points"
  [1m[36m (0.5ms)[0m  [1mrollback transaction[0m


Started GET "/" for 127.0.0.1 at 2015-11-25 15:05:14 -0700
  [1m[36mActiveRecord::SchemaMigration Load (0.2ms)[0m  [1mSELECT "schema_migrations".* FROM "schema_migrations"[0m
Processing by DataVisController#home as HTML
  Rendered data_vis/home.html.erb within layouts/application (2.2ms)
Completed 200 OK in 335ms (Views: 317.9ms | ActiveRecord: 0.0ms)


Started GET "/assets/data_vis.self-e3b0c44298fc1c149afbf4c8996fb92427ae41e4649b934ca495991b7852b855.css?body=1" for 127.0.0.1 at 2015-11-25 15:05:14 -0700


Started GET "/assets/jquery.self-d03a5518f45df77341bdbe6201ba3bfa547ebba8ed64f0ea56bfa5f96ea7c074.js?body=1" for 127.0.0.1 at 2015-11-25 15:05:14 -0700


Started GET "/assets/turbolinks.self-c846e670826600e8c91b1a5ada3e6547110d996cd6ff24cde55024f7a135a1b4.js?body=1" for 127.0.0.1 at 2015-11-25 15:05:14 -0700


Started GET "/assets/jquery_ujs.self-8e98a7a072a6cee1372d19fff9ff3e6aa1e39a37d89d6f06861637d061113ee7.js?body=1" for 127.0.0.1 at 2015-11-25 15:05:14 -0700


Started GET "/assets/data_vis.self-877aef30ae1b040ab8a3aba4e3e309a11d7f2612f44dde450b5c157aa5f95c05.js?body=1" for 127.0.0.1 at 2015-11-25 15:05:14 -0700


Started GET "/assets/get_data.self-e3b0c44298fc1c149afbf4c8996fb92427ae41e4649b934ca495991b7852b855.css?body=1" for 127.0.0.1 at 2015-11-25 15:05:14 -0700


Started GET "/assets/application.self-e80e8f2318043e8af94dddc2adad5a4f09739a8ebb323b3ab31cd71d45fd9113.css?body=1" for 127.0.0.1 at 2015-11-25 15:05:14 -0700


Started GET "/assets/get_data.self-877aef30ae1b040ab8a3aba4e3e309a11d7f2612f44dde450b5c157aa5f95c05.js?body=1" for 127.0.0.1 at 2015-11-25 15:05:14 -0700


Started GET "/assets/application.self-3b8dabdc891efe46b9a144b400ad69e37d7e5876bdc39dee783419a69d7ca819.js?body=1" for 127.0.0.1 at 2015-11-25 15:05:14 -0700
  [1m[36mDataPoint Load (2.5ms)[0m  [1mSELECT "data_points".* FROM "data_points"[0m
  [1m[36mDataPoint Load (3.9ms)[0m  [1mSELECT "data_points".* FROM "data_points"[0m
  [1m[36m (1.0ms)[0m  [1mbegin transaction[0m
  [1m[35m (0.1ms)[0m  SAVEPOINT active_record_1
  [1m[36mSQL (0.8ms)[0m  [1mINSERT INTO "data_points" ("data", "created_at", "updated_at") VALUES (?, ?, ?)[0m  [["data", "http://rtupdate.wunderground.com/weatherstation/updateweatherstation.php?ID=KCOBOULD115&PASSWORD=SparkFun&dateutc=2014-07-02+03%3A32%3A42&winddir=270&windspeedmph=7.0humidity=45.4&tempf=43.1&baromin=29.4161&realtime=1&rtfreq=10&action=updateraw\n"], ["created_at", "2015-11-25 22:43:30.584711"], ["updated_at", "2015-11-25 22:43:30.584711"]]
  [1m[35m (0.2ms)[0m  RELEASE SAVEPOINT active_record_1
  [1m[36mDataPoint Load (0.4ms)[0m  [1mSELECT  "data_points".* FROM "data_points"  ORDER BY "data_points"."id" ASC LIMIT 1[0m
  [1m[35m (0.4ms)[0m  rollback transaction
  [1m[36m (1.2ms)[0m  [1mbegin transaction[0m
  [1m[35m (0.3ms)[0m  rollback transaction
